<?xml version="1.0" encoding="UTF-8"?>
<!-- Generated by org.testng.reporters.JUnitXMLReporter -->
<testsuite ignored="2" hostname="7BD0PV2" failures="0" tests="3" name="Login1" time="11.278" errors="0" timestamp="2021-11-22T16:12:09 IST">
  <testcase classname="com.e2sc.Tests.FirstTest" name="LaunchApp" time="3.572"/>
  <testcase classname="com.e2sc.Tests.FirstTest" name="EnterLoginDetails" time="5.056"/>
  <testcase classname="com.e2sc.Tests.FirstTest" name="VerifyLogin" time="0.127"/>
  <testcase classname="com.e2sc.Tests.FirstTest" name="VerifyMyInfo" time="0.0">
    <ignored/>
  </testcase> <!-- VerifyMyInfo -->
  <testcase classname="com.e2sc.Tests.FirstTest" name="NavigateToMyInfo" time="0.0">
    <ignored/>
  </testcase> <!-- NavigateToMyInfo -->
</testsuite> <!-- Login1 -->
