<?xml version="1.0" encoding="UTF-8"?>
<!-- Generated by org.testng.reporters.JUnitXMLReporter -->
<testsuite ignored="1" hostname="7BD0PV2" failures="0" tests="4" name="OrangeHRMMyInfo" time="14.029" errors="0" timestamp="2021-11-22T16:15:28 IST">
  <testcase classname="com.e2sc.Tests.FirstTest" name="LaunchApp" time="3.542"/>
  <testcase classname="com.e2sc.Tests.FirstTest" name="EnterLoginDetails" time="5.323"/>
  <testcase classname="com.e2sc.Tests.FirstTest" name="NavigateToMyInfo" time="2.633"/>
  <testcase classname="com.e2sc.Tests.FirstTest" name="VerifyLogin" time="0.091"/>
  <testcase classname="com.e2sc.Tests.FirstTest" name="VerifyMyInfo" time="0.0">
    <ignored/>
  </testcase> <!-- VerifyMyInfo -->
</testsuite> <!-- OrangeHRMMyInfo -->
